-------------------------------------------------------------------------------
Test set: EndangeredTest
-------------------------------------------------------------------------------
Tests run: 5, Failures: 0, Errors: 5, Skipped: 0, Time elapsed: 0.001 sec <<< FAILURE! - in EndangeredTest
equals_returnsTrueIfNameAndIdAreSame_true(EndangeredTest)  Time elapsed: 0 sec  <<< ERROR!
org.sql2o.Sql2oException: Could not acquire a connection from DataSource - No suitable driver found for jdbc:postgress://ec2-50-17-90-177.compute-1.amazonaws.com:5432/dajf96v5ptft26
Caused by: java.sql.SQLException: No suitable driver found for jdbc:postgress://ec2-50-17-90-177.compute-1.amazonaws.com:5432/dajf96v5ptft26

getSightings_retrievesAllSightingsFromDatabase_sightingsList(EndangeredTest)  Time elapsed: 0.001 sec  <<< ERROR!
org.sql2o.Sql2oException: Could not acquire a connection from DataSource - No suitable driver found for jdbc:postgress://ec2-50-17-90-177.compute-1.amazonaws.com:5432/dajf96v5ptft26
Caused by: java.sql.SQLException: No suitable driver found for jdbc:postgress://ec2-50-17-90-177.compute-1.amazonaws.com:5432/dajf96v5ptft26

all_returnsAllInstancesOfEndangered_false(EndangeredTest)  Time elapsed: 0 sec  <<< ERROR!
org.sql2o.Sql2oException: Could not acquire a connection from DataSource - No suitable driver found for jdbc:postgress://ec2-50-17-90-177.compute-1.amazonaws.com:5432/dajf96v5ptft26
Caused by: java.sql.SQLException: No suitable driver found for jdbc:postgress://ec2-50-17-90-177.compute-1.amazonaws.com:5432/dajf96v5ptft26

save_assignsIdToObject(EndangeredTest)  Time elapsed: 0 sec  <<< ERROR!
org.sql2o.Sql2oException: Could not acquire a connection from DataSource - No suitable driver found for jdbc:postgress://ec2-50-17-90-177.compute-1.amazonaws.com:5432/dajf96v5ptft26
Caused by: java.sql.SQLException: No suitable driver found for jdbc:postgress://ec2-50-17-90-177.compute-1.amazonaws.com:5432/dajf96v5ptft26

endangeredanimal_instantiatesCorrectly_true(EndangeredTest)  Time elapsed: 0 sec  <<< ERROR!
org.sql2o.Sql2oException: Could not acquire a connection from DataSource - No suitable driver found for jdbc:postgress://ec2-50-17-90-177.compute-1.amazonaws.com:5432/dajf96v5ptft26
Caused by: java.sql.SQLException: No suitable driver found for jdbc:postgress://ec2-50-17-90-177.compute-1.amazonaws.com:5432/dajf96v5ptft26

